Token           Lexeme               Property                        Line           Column         
LEQ             <=                                                    13             0              
GEQ             >=                                                    13             3              
EQ              ==                                                    13             6              
NE              !=                                                    13             9              
AND             &&                                                    13             12             
OR              ||                                                    13             15             
ADD             +                                                     13             18             
SUB             -                                                     13             20             
MUL             *                                                     13             22             
DIV             /                                                     13             24             
ASSIGN          =                                                     13             26             
LESS            <                                                     13             28             
GREATER         >                                                     13             30             
NOT             !                                                     13             32             
MOD             %                                                     13             34             
CONST           const                                                 16             0              
IF              if                                                    16             6              
ELSE            else                                                  16             9              
WHILE           while                                                 16             14             
VOID            void                                                  16             20             
INT             int                                                   16             25             
FLOAT           float                                                 16             29             
RETURN          return                                                16             35             
BREAK           break                                                 16             42             
CONTINUE        continue                                              16             48             
LBRACE          {                                                     19             0              
RBRACE          }                                                     19             2              
SEMICOLON       ;                                                     19             4              
LPAREN          (                                                     19             6              
RPAREN          )                                                     19             8              
COMMA           ,                                                     19             10             
LSQUARE         [                                                     19             12             
RSQUARE         ]                                                     19             14             
IDENT           var1                 var1                             22             0              
IDENT           _var                 _var                             22             5              
IDENT           var_name             var_name                         22             10             
IDENT           Var123               Var123                           22             19             
INT_CONST       0                    0                                25             0              
INT_CONST       12345                12345                            25             2              
INT_CONST       01234567             342391                           25             8              
INT_CONST       0x1A3F               6719                             25             17             
INT_CONST       0XABCDEF             11259375                         25             24             
INT_CONST       0x0                  0                                25             33             
FLOAT_CONST     1.23                 1.230000000000                   28             0              
FLOAT_CONST     123.                 123.000000000000                 28             5              
FLOAT_CONST     .456                 0.456000000000                   28             10             
FLOAT_CONST     1e10                 10000000000.000000000000         28             15             
FLOAT_CONST     1.23e+10             12300000000.000000000000         28             20             
FLOAT_CONST     1.23e-10             0.000000000123                   28             29             
FLOAT_CONST     .1e2                 10.000000000000                  28             38             
FLOAT_CONST     1.e2                 100.000000000000                 28             43             
FLOAT_CONST     0.0                  0.000000000000                   28             48             
FLOAT_CONST     0x1.23p10            1164.000000000000                31             0              
FLOAT_CONST     0X1.23P+10           1164.000000000000                31             10             
FLOAT_CONST     0x1p-10              0.000976562500                   31             21             
FLOAT_CONST     0x.1p2               0.250000000000                   31             29             
ERROR           @                    @                                34             0              
INT_CONST       0                    0                                35             0              
IDENT           xGHI                 xGHI                             35             1              
FLOAT_CONST     1.23                 1.230000000000                   36             0              
FLOAT_CONST     .45                  0.450000000000                   36             4              
FLOAT_CONST     1.2                  1.200000000000                   37             0              
FLOAT_CONST     .3                   0.300000000000                   37             3              
INT_CONST       1                    1                                38             0              
IDENT           e                    e                                38             1              
ADD             +                                                     38             2              
INT_CONST       0x1                  1                                39             0              
FLOAT_CONST     .23e10               2300000000.000000000000          39             3              
INT_CONST       0x1                  1                                40             0              
IDENT           G                    G                                40             3              
INT_CONST       0x1                  1                                41             0              
IDENT           p                    p                                41             3              
ADD             +                                                     41             4              
INT_CONST       0x1                  1                                42             0              
.               .                                                     42             3              
IDENT           Zp1                  Zp1                              42             4              
IDENT           some                 some                             45             0              
IDENT           code                 code                             45             5              
ERROR           */                   unmatched */                     45             5              
INT_CONST       1                    1                                48             0              
IDENT           abc                  abc                              48             1              
