Program
  ConstDecls   Type: Int
    ConstDef   name:a   scope:-1
      init:
        ConstInitVal_exp   Type: Void   
          Intconst   val:5   Type: Void   
  ConstDecls   Type: Float
    ConstDef   name:b   scope:-1
      init:
        ConstInitVal_exp   Type: Void   
          Floatconst   val:3.14   Type: Void   
  VarDecls   Type: Int
    VarDef   name:x   scope:-1
      Dimensions:
        Intconst   val:10   Type: Void   
      init:
        VarInitVal
          VarInitVal_exp
            Intconst   val:1   Type: Void   
          VarInitVal_exp
            Intconst   val:2   Type: Void   
          VarInitVal_exp
            Intconst   val:3   Type: Void   
          VarInitVal_exp
            Intconst   val:4   Type: Void   
          VarInitVal_exp
            Intconst   val:5   Type: Void   
  VarDecls   Type: Float
    VarDef   name:y   scope:-1

  FuncDef   Name:add   ReturnType: Int
    FuncFParam   name:a   Type:Int   scope:-1

    FuncFParam   name:b   Type:Int   scope:-1

    Block   Size:1
      ReturnStmt:
        AddExp_plus: (+)   Type: Void   
          Lval   Type: Void      name:a   scope:-1
          Lval   Type: Void      name:b   scope:-1
  FuncDef   Name:max   ReturnType: Int
    FuncFParam   name:a   Type:Int   scope:-1

    FuncFParam   name:b   Type:Int   scope:-1

    Block   Size:1
      IfElseStmt:
      Cond   type:bool
        RelExp_gt: (>)   Type: Void   
          Lval   Type: Void      name:a   scope:-1
          Lval   Type: Void      name:b   scope:-1
      if_stmt:
        BlockStmt:
          Block   Size:1
            ReturnStmt:
              Lval   Type: Void      name:a   scope:-1
      else_Stmt:
        BlockStmt:
          Block   Size:1
            ReturnStmt:
              Lval   Type: Void      name:b   scope:-1
  FuncDef   Name:fillArray   ReturnType: Void
    FuncFParam   name:arr   Type:Int   scope:-1
      Dimensions:
        Intconst   val:10   Type: Void   

    Block   Size:2
      VarDecls   Type: Int
        VarDef   name:i   scope:-1
          init:
            VarInitVal_exp
              Intconst   val:0   Type: Void   
      WhileStmt:
      Cond   type:bool
        RelExp_lt: (<)   Type: Void   
          Lval   Type: Void      name:i   scope:-1
          Intconst   val:10   Type: Void   
      Body:
        BlockStmt:
          Block   Size:2
            AssignStmt:
              Lval   Type: Void      name:arr   scope:-1
                dims:
                  Lval   Type: Void      name:i   scope:-1
              MulExp_mul: (*)   Type: Void   
                Lval   Type: Void      name:i   scope:-1
                Lval   Type: Void      name:i   scope:-1
            AssignStmt:
              Lval   Type: Void      name:i   scope:-1
              AddExp_plus: (+)   Type: Void   
                Lval   Type: Void      name:i   scope:-1
                Intconst   val:1   Type: Void   
  FuncDef   Name:main   ReturnType: Int
    Block   Size:5
      VarDecls   Type: Int
        VarDef   name:result   scope:-1
          init:
            VarInitVal_exp
              FuncCall   name:add   Type: Void   
                FuncRParams:
                  Intconst   val:10   Type: Void   
                  Intconst   val:20   Type: Void   
      VarDecls   Type: Int
        VarDef   name:maximum   scope:-1
          init:
            VarInitVal_exp
              FuncCall   name:max   Type: Void   
                FuncRParams:
                  Intconst   val:15   Type: Void   
                  Intconst   val:30   Type: Void   
      VarDecls   Type: Int
        VarDef   name:arr   scope:-1
           Dimensions:
            Intconst   val:10   Type: Void   

      ExpressionStmt:   Type: Void   
        FuncCall   name:fillArray   Type: Void   
          FuncRParams:
            Lval   Type: Void      name:arr   scope:-1
      ReturnStmt:
        AddExp_plus: (+)   Type: Void   
          Lval   Type: Void      name:result   scope:-1
          Lval   Type: Void      name:maximum   scope:-1
